<?xml version="1.0" encoding="utf-8"?><testsuites name="pytest tests"><testsuite name="pytest" errors="0" failures="0" skipped="0" tests="5" time="1.615" timestamp="2026-07-08T17:31:58.751764+00:00" hostname="agent-env-53968db7-605d-414a-a58a-fe6283f5d308"><testcase classname="tests.test_hero_image" name="test_settings_returns_hero_image_field" time="0.173" /><testcase classname="tests.test_hero_image" name="test_put_settings_requires_auth" time="0.049" /><testcase classname="tests.test_hero_image" name="test_put_hero_image_url_persists" time="0.476" /><testcase classname="tests.test_hero_image" name="test_put_hero_image_data_url_persists" time="0.128" /><testcase classname="tests.test_hero_image" name="test_restore_default_hero_image" time="0.157" /></testsuite></testsuites>