<?xml version="1.0" encoding="utf-8"?><testsuites name="pytest tests"><testsuite name="pytest" errors="0" failures="0" skipped="0" tests="9" time="12.094" timestamp="2026-07-08T14:43:44.199965+00:00" hostname="agent-env-53968db7-605d-414a-a58a-fe6283f5d308"><testcase classname="tests.test_change_credentials" name="test_root_ok" time="0.290" /><testcase classname="tests.test_change_credentials" name="test_baseline_login_works" time="0.335" /><testcase classname="tests.test_change_credentials" name="test_change_credentials_requires_auth" time="0.107" /><testcase classname="tests.test_change_credentials" name="test_change_credentials_wrong_current_password" time="0.604" /><testcase classname="tests.test_change_credentials" name="test_change_credentials_nothing_to_update" time="0.628" /><testcase classname="tests.test_change_credentials" name="test_change_password_happy_path" time="2.360" /><testcase classname="tests.test_change_credentials" name="test_change_email_happy_path" time="1.733" /><testcase classname="tests.test_change_credentials" name="test_password_source_manual_survives_restart" time="4.901" /><testcase classname="tests.test_change_credentials" name="test_short_new_password_rejected" time="0.630" /></testsuite></testsuites>