<?xml version="1.0" encoding="utf-8"?><testsuites name="pytest tests"><testsuite name="pytest" errors="0" failures="0" skipped="0" tests="5" time="0.906" timestamp="2026-07-09T04:53:03.316015+00:00" hostname="agent-env-53968db7-605d-414a-a58a-fe6283f5d308"><testcase classname="tests.test_hero_titles.TestGetShopStatus" name="test_returns_hero_title_fields" time="0.149" /><testcase classname="tests.test_hero_titles.TestUpdateShopStatus" name="test_unauthed_put_returns_401" time="0.056" /><testcase classname="tests.test_hero_titles.TestUpdateShopStatus" name="test_put_persists_hero_titles" time="0.462" /><testcase classname="tests.test_hero_titles.TestUpdateShopStatus" name="test_put_without_hero_titles_preserves_them" time="0.138" /><testcase classname="tests.test_hero_titles" name="test_zzz_restore_defaults" time="0.047" /></testsuite></testsuites>